2026-02-12 20:57:40 - oj_recommend - INFO - init_tags.py:21 - 开始初始化题目标签到Redis
2026-02-12 20:57:40 - oj_recommend - INFO - init_tags.py:24 - 从MySQL读取题目数据
2026-02-12 20:57:40 - oj_recommend - INFO - init_tags.py:34 - 获取到17道题目，开始写入Redis
2026-02-12 20:57:40 - oj_recommend - INFO - init_tags.py:53 - 初始化17道题的标签完成
2026-02-12 20:57:40 - oj_recommend - INFO - init_tags.py:62 - 开始查询标签为'%'的题目
2026-02-12 20:57:40 - oj_recommend - INFO - init_tags.py:68 - 查询标签为'%'的题目，找到17道题目
2026-02-12 20:58:35 - oj_recommend - INFO - init_tags.py:21 - 开始初始化题目标签到Redis
2026-02-12 20:58:35 - oj_recommend - INFO - init_tags.py:24 - 从MySQL读取题目数据
2026-02-12 20:58:35 - oj_recommend - INFO - init_tags.py:34 - 获取到17道题目，开始写入Redis
2026-02-12 20:58:35 - oj_recommend - INFO - init_tags.py:53 - 初始化17道题的标签完成
2026-02-12 20:58:35 - oj_recommend - INFO - init_tags.py:62 - 开始查询标签为'%'的题目
2026-02-12 20:58:35 - oj_recommend - INFO - init_tags.py:68 - 查询标签为'%'的题目，找到17道题目
2026-02-12 21:03:06 - oj_recommend - INFO - init_tags.py:117 - ==================================================
2026-02-12 21:03:06 - oj_recommend - INFO - init_tags.py:118 - 开始执行初始化程序
2026-02-12 21:03:06 - oj_recommend - INFO - init_tags.py:119 - ==================================================
2026-02-12 21:03:06 - oj_recommend - INFO - init_tags.py:83 - 开始获取所有题目数据
2026-02-12 21:03:06 - oj_recommend - INFO - init_tags.py:89 - 获取到17道题目
2026-02-12 21:03:06 - oj_recommend - INFO - init_tags.py:21 - 开始初始化题目标签到Redis
2026-02-12 21:03:06 - oj_recommend - INFO - init_tags.py:34 - 获取到17道题目，开始写入Redis
2026-02-12 21:03:06 - oj_recommend - INFO - init_tags.py:53 - 初始化17道题的标签完成
2026-02-12 21:03:06 - oj_recommend - INFO - init_tags.py:124 - ==================================================
2026-02-12 21:03:06 - oj_recommend - INFO - init_tags.py:125 - 初始化程序执行完成
2026-02-12 21:03:06 - oj_recommend - INFO - init_tags.py:126 - ==================================================
2026-02-12 21:08:42 - oj_recommend - INFO - init_tags.py:21 - 开始初始化题目标签到Redis
2026-02-12 21:08:42 - oj_recommend - INFO - init_tags.py:24 - 从MySQL读取题目数据
2026-02-12 21:08:42 - oj_recommend - INFO - init_tags.py:34 - 获取到17道题目，开始写入Redis
2026-02-12 21:08:42 - oj_recommend - INFO - init_tags.py:53 - 初始化17道题的标签完成
2026-02-12 21:08:42 - oj_recommend - INFO - init_tags.py:62 - 开始查询标签为'%'的题目
2026-02-12 21:08:42 - oj_recommend - INFO - init_tags.py:68 - 查询标签为'%'的题目，找到17道题目
